INFO  | 2021-03-20 00:12:20 | [main] JavaPractice.App (App.java:15) - Hello Worldwill Be Printrd On Info
WARN  | 2021-03-20 00:12:20 | [main] JavaPractice.App (App.java:16) - Hello Worldwill Be Printrd On Warn
ERROR | 2021-03-20 00:12:20 | [main] JavaPractice.App (App.java:17) - Hello Worldwill Be Printrd On Error
FATAL | 2021-03-20 00:12:20 | [main] JavaPractice.App (App.java:18) - Hello Worldwill Be Printrd On Fatal
INFO  | 2021-03-20 00:12:20 | [main] JavaPractice.App (App.java:19) - Appending string: Hello World.
DEBUG | 2021-03-20 00:15:34 | [main] JavaPractice.App (App.java:14) - Hello Worldwill Be Printrd On Debug
INFO  | 2021-03-20 00:15:34 | [main] JavaPractice.App (App.java:15) - Hello Worldwill Be Printrd On Info
WARN  | 2021-03-20 00:15:34 | [main] JavaPractice.App (App.java:16) - Hello Worldwill Be Printrd On Warn
ERROR | 2021-03-20 00:15:34 | [main] JavaPractice.App (App.java:17) - Hello Worldwill Be Printrd On Error
FATAL | 2021-03-20 00:15:34 | [main] JavaPractice.App (App.java:18) - Hello Worldwill Be Printrd On Fatal
INFO  | 2021-03-20 00:15:34 | [main] JavaPractice.App (App.java:19) - Appending string: Hello World.
INFO  | 2021-03-20 00:19:40 | [main] JavaPractice.App (App.java:15) - Hello Worldwill Be Printrd On Info
WARN  | 2021-03-20 00:19:40 | [main] JavaPractice.App (App.java:16) - Hello Worldwill Be Printrd On Warn
ERROR | 2021-03-20 00:19:40 | [main] JavaPractice.App (App.java:17) - Hello Worldwill Be Printrd On Error
FATAL | 2021-03-20 00:19:40 | [main] JavaPractice.App (App.java:18) - Hello Worldwill Be Printrd On Fatal
INFO  | 2021-03-20 00:19:40 | [main] JavaPractice.App (App.java:19) - Appending string: Hello World.
INFO  | 2021-03-20 02:12:05 | [main] JavaPractice.App (App.java:15) - Hello Worldwill Be Printrd On Info
WARN  | 2021-03-20 02:12:05 | [main] JavaPractice.App (App.java:16) - Hello Worldwill Be Printrd On Warn
ERROR | 2021-03-20 02:12:05 | [main] JavaPractice.App (App.java:17) - Hello Worldwill Be Printrd On Error
FATAL | 2021-03-20 02:12:05 | [main] JavaPractice.App (App.java:18) - Hello Worldwill Be Printrd On Fatal
INFO  | 2021-03-20 02:12:05 | [main] JavaPractice.App (App.java:19) - Appending string: Hello World.
INFO  | 2021-03-20 08:58:44 | [main] JavaPractice.App (App.java:15) - Hello Worldwill Be Printrd On Info
WARN  | 2021-03-20 08:58:44 | [main] JavaPractice.App (App.java:16) - Hello Worldwill Be Printrd On Warn
ERROR | 2021-03-20 08:58:44 | [main] JavaPractice.App (App.java:17) - Hello Worldwill Be Printrd On Error
FATAL | 2021-03-20 08:58:44 | [main] JavaPractice.App (App.java:18) - Hello Worldwill Be Printrd On Fatal
INFO  | 2021-03-20 08:58:44 | [main] JavaPractice.App (App.java:19) - Appending string: Hello World.
